<?xml version="1.0" encoding="UTF-8"?>
<!-- Generated by org.testng.reporters.JUnitReportReporter -->
<testsuite skipped="0" hostname="HPENVY" name="Re_usable.buildNo" tests="1" failures="0" timestamp="04 Apr 2022 04:12:50 GMT" time="284.472" errors="0">
  <testcase name="f" time="284.472" classname="Re_usable.buildNo"/>
</testsuite> <!-- Re_usable.buildNo -->
