<?xml version="1.0" encoding="UTF-8"?>
<!-- Generated by org.testng.reporters.JUnitReportReporter -->
<testsuite skipped="0" hostname="HPENVY" name="BillRunFirst.ElectAdminAccountCreation" tests="3" failures="0" timestamp="13 Apr 2022 10:22:14 GMT" time="72.201" errors="0">
  <testcase name="createAdminAcc" time="51.000" classname="BillRunFirst.ElectAdminAccountCreation"/>
  <testcase name="loginCreatedAcc" time="17.516" classname="BillRunFirst.ElectAdminAccountCreation"/>
  <testcase name="editAcc" time="3.685" classname="BillRunFirst.ElectAdminAccountCreation"/>
</testsuite> <!-- BillRunFirst.ElectAdminAccountCreation -->
