<?xml version="1.0" encoding="UTF-8"?>
<!-- Generated by org.testng.reporters.JUnitReportReporter -->
<testsuite skipped="1" hostname="HPENVY" name="BillRunFirst.ElectrImportSetupTools" tests="11" failures="0" timestamp="07 Apr 2022 12:10:59 GMT" time="378.530" errors="0">
  <testcase name="CustomerAndService" time="181.482" classname="BillRunFirst.ElectrImportSetupTools"/>
  <testcase name="AddCyclewithCustomer" time="16.296" classname="BillRunFirst.ElectrImportSetupTools"/>
  <testcase name="TransferCustomerFrom_AnotherCycle" time="20.012" classname="BillRunFirst.ElectrImportSetupTools"/>
  <testcase name="importMeterNumberImport" time="24.983" classname="BillRunFirst.ElectrImportSetupTools"/>
  <testcase name="importManualRecurringCharge" time="15.640" classname="BillRunFirst.ElectrImportSetupTools"/>
  <testcase name="importManualOnceOffCharges" time="17.894" classname="BillRunFirst.ElectrImportSetupTools"/>
  <testcase name="importdemandReads" time="16.257" classname="BillRunFirst.ElectrImportSetupTools"/>
  <testcase name="Prorated_Tariff" time="22.040" classname="BillRunFirst.ElectrImportSetupTools"/>
  <testcase name="importSecurityDepositImport" time="50.394" classname="BillRunFirst.ElectrImportSetupTools"/>
  <testcase name="importPayment" time="13.529" classname="BillRunFirst.ElectrImportSetupTools"/>
  <testcase name="RatePlanImport" time="0.003" classname="BillRunFirst.ElectrImportSetupTools">
    <skipped/>
  </testcase> <!-- RatePlanImport -->
</testsuite> <!-- BillRunFirst.ElectrImportSetupTools -->
