<?xml version="1.0" encoding="UTF-8"?>
<!-- Generated by org.testng.reporters.JUnitReportReporter -->
<testsuite skipped="0" hostname="HPENVY" name="BillRunFirst.ElectAccountCreation_test" tests="4" failures="0" timestamp="13 Apr 2022 10:51:17 GMT" time="237.953" errors="0">
  <testcase name="login" time="34.495" classname="BillRunFirst.ElectAccountCreation_test"/>
  <testcase name="changePassword" time="116.830" classname="BillRunFirst.ElectAccountCreation_test"/>
  <testcase name="editGroup" time="59.632" classname="BillRunFirst.ElectAccountCreation_test"/>
  <testcase name="locale_settings" time="26.996" classname="BillRunFirst.ElectAccountCreation_test"/>
</testsuite> <!-- BillRunFirst.ElectAccountCreation_test -->
